<?xml version="1.0" encoding="UTF-8"?>
<!-- Generated by org.testng.reporters.JUnitReportReporter -->
<testsuite skipped="0" hostname="BDC8-DX-DR72T72" name="mission.ProjectNew" tests="1" failures="0" timestamp="17 Jul 2018 06:46:29 GMT" time="14.377" errors="0">
  <testcase name="testlogin" time="14.377" classname="mission.ProjectNew"/>
</testsuite> <!-- mission.ProjectNew -->
